<?xml version="1.0" encoding="UTF-8"?>
<testng-results skipped="0" failed="0" total="2" passed="2">
  <reporter-output>
  </reporter-output>
  <suite name="Default suite" duration-ms="76" started-at="2022-06-13T12:29:46Z" finished-at="2022-06-13T12:29:46Z">
    <groups>
    </groups>
    <test name="Default test" duration-ms="76" started-at="2022-06-13T12:29:46Z" finished-at="2022-06-13T12:29:46Z">
      <class name="com.test.ng.NewTest1">
        <test-method status="PASS" signature="beforeSuite()[pri:0, instance:com.test.ng.NewTest1@f5f2bb7]" name="beforeSuite" is-config="true" duration-ms="36" started-at="2022-06-13T17:59:46Z" finished-at="2022-06-13T17:59:46Z">
          <reporter-output>
          </reporter-output>
        </test-method> <!-- beforeSuite -->
        <test-method status="PASS" signature="beforeTest()[pri:0, instance:com.test.ng.NewTest1@f5f2bb7]" name="beforeTest" is-config="true" duration-ms="1" started-at="2022-06-13T17:59:46Z" finished-at="2022-06-13T17:59:46Z">
          <reporter-output>
          </reporter-output>
        </test-method> <!-- beforeTest -->
        <test-method status="PASS" signature="beforeClass()[pri:0, instance:com.test.ng.NewTest1@f5f2bb7]" name="beforeClass" is-config="true" duration-ms="1" started-at="2022-06-13T17:59:46Z" finished-at="2022-06-13T17:59:46Z">
          <reporter-output>
          </reporter-output>
        </test-method> <!-- beforeClass -->
        <test-method status="PASS" signature="beforeMethod()[pri:0, instance:com.test.ng.NewTest1@f5f2bb7]" name="beforeMethod" is-config="true" duration-ms="2" started-at="2022-06-13T17:59:46Z" finished-at="2022-06-13T17:59:46Z">
          <reporter-output>
          </reporter-output>
        </test-method> <!-- beforeMethod -->
        <test-method status="PASS" signature="f()[pri:0, instance:com.test.ng.NewTest1@f5f2bb7]" name="f" duration-ms="19" started-at="2022-06-13T17:59:46Z" finished-at="2022-06-13T17:59:46Z">
          <reporter-output>
          </reporter-output>
        </test-method> <!-- f -->
        <test-method status="PASS" signature="afterMethod()[pri:0, instance:com.test.ng.NewTest1@f5f2bb7]" name="afterMethod" is-config="true" duration-ms="1" started-at="2022-06-13T17:59:46Z" finished-at="2022-06-13T17:59:46Z">
          <reporter-output>
          </reporter-output>
        </test-method> <!-- afterMethod -->
        <test-method status="PASS" signature="beforeMethod()[pri:0, instance:com.test.ng.NewTest1@f5f2bb7]" name="beforeMethod" is-config="true" duration-ms="3" started-at="2022-06-13T17:59:46Z" finished-at="2022-06-13T17:59:46Z">
          <reporter-output>
          </reporter-output>
        </test-method> <!-- beforeMethod -->
        <test-method status="PASS" signature="f1()[pri:0, instance:com.test.ng.NewTest1@f5f2bb7]" name="f1" duration-ms="4" started-at="2022-06-13T17:59:46Z" finished-at="2022-06-13T17:59:46Z">
          <reporter-output>
          </reporter-output>
        </test-method> <!-- f1 -->
        <test-method status="PASS" signature="afterMethod()[pri:0, instance:com.test.ng.NewTest1@f5f2bb7]" name="afterMethod" is-config="true" duration-ms="2" started-at="2022-06-13T17:59:46Z" finished-at="2022-06-13T17:59:46Z">
          <reporter-output>
          </reporter-output>
        </test-method> <!-- afterMethod -->
        <test-method status="PASS" signature="afterClass()[pri:0, instance:com.test.ng.NewTest1@f5f2bb7]" name="afterClass" is-config="true" duration-ms="1" started-at="2022-06-13T17:59:46Z" finished-at="2022-06-13T17:59:46Z">
          <reporter-output>
          </reporter-output>
        </test-method> <!-- afterClass -->
        <test-method status="PASS" signature="afterTest()[pri:0, instance:com.test.ng.NewTest1@f5f2bb7]" name="afterTest" is-config="true" duration-ms="1" started-at="2022-06-13T17:59:46Z" finished-at="2022-06-13T17:59:46Z">
          <reporter-output>
          </reporter-output>
        </test-method> <!-- afterTest -->
        <test-method status="PASS" signature="afterSuite()[pri:0, instance:com.test.ng.NewTest1@f5f2bb7]" name="afterSuite" is-config="true" duration-ms="1" started-at="2022-06-13T17:59:47Z" finished-at="2022-06-13T17:59:47Z">
          <reporter-output>
          </reporter-output>
        </test-method> <!-- afterSuite -->
      </class> <!-- com.test.ng.NewTest1 -->
    </test> <!-- Default test -->
  </suite> <!-- Default suite -->
</testng-results>
