<?xml version="1.0" encoding="UTF-8"?>
<testng-results skipped="0" failed="0" total="2" passed="2">
  <reporter-output>
  </reporter-output>
  <suite name="Default suite" duration-ms="47" started-at="2022-06-21T02:28:20Z" finished-at="2022-06-21T02:28:21Z">
    <groups>
    </groups>
    <test name="Default test" duration-ms="47" started-at="2022-06-21T02:28:20Z" finished-at="2022-06-21T02:28:21Z">
      <class name="com.test.ng.NewTest1">
        <test-method status="PASS" signature="beforeSuite()[pri:0, instance:com.test.ng.NewTest1@47fd17e3]" name="beforeSuite" is-config="true" duration-ms="31" started-at="2022-06-21T07:58:20Z" finished-at="2022-06-21T07:58:20Z">
          <reporter-output>
          </reporter-output>
        </test-method> <!-- beforeSuite -->
        <test-method status="PASS" signature="beforeTest()[pri:0, instance:com.test.ng.NewTest1@47fd17e3]" name="beforeTest" is-config="true" duration-ms="0" started-at="2022-06-21T07:58:20Z" finished-at="2022-06-21T07:58:20Z">
          <reporter-output>
          </reporter-output>
        </test-method> <!-- beforeTest -->
        <test-method status="PASS" signature="beforeMethod()[pri:0, instance:com.test.ng.NewTest1@47fd17e3]" name="beforeMethod" is-config="true" duration-ms="0" started-at="2022-06-21T07:58:20Z" finished-at="2022-06-21T07:58:20Z">
          <reporter-output>
          </reporter-output>
        </test-method> <!-- beforeMethod -->
        <test-method status="PASS" signature="f()[pri:0, instance:com.test.ng.NewTest1@47fd17e3]" name="f" duration-ms="15" started-at="2022-06-21T07:58:20Z" finished-at="2022-06-21T07:58:21Z">
          <reporter-output>
          </reporter-output>
        </test-method> <!-- f -->
        <test-method status="PASS" signature="beforeClass()[pri:0, instance:com.test.ng.NewTest1@47fd17e3]" name="beforeClass" is-config="true" duration-ms="0" started-at="2022-06-21T07:58:20Z" finished-at="2022-06-21T07:58:20Z">
          <reporter-output>
          </reporter-output>
        </test-method> <!-- beforeClass -->
        <test-method status="PASS" signature="afterMethod()[pri:0, instance:com.test.ng.NewTest1@47fd17e3]" name="afterMethod" is-config="true" duration-ms="16" started-at="2022-06-21T07:58:21Z" finished-at="2022-06-21T07:58:21Z">
          <reporter-output>
          </reporter-output>
        </test-method> <!-- afterMethod -->
        <test-method status="PASS" signature="afterTest()[pri:0, instance:com.test.ng.NewTest1@47fd17e3]" name="afterTest" is-config="true" duration-ms="0" started-at="2022-06-21T07:58:21Z" finished-at="2022-06-21T07:58:21Z">
          <reporter-output>
          </reporter-output>
        </test-method> <!-- afterTest -->
        <test-method status="PASS" signature="beforeMethod()[pri:0, instance:com.test.ng.NewTest1@47fd17e3]" name="beforeMethod" is-config="true" duration-ms="0" started-at="2022-06-21T07:58:21Z" finished-at="2022-06-21T07:58:21Z">
          <reporter-output>
          </reporter-output>
        </test-method> <!-- beforeMethod -->
        <test-method status="PASS" signature="afterClass()[pri:0, instance:com.test.ng.NewTest1@47fd17e3]" name="afterClass" is-config="true" duration-ms="0" started-at="2022-06-21T07:58:21Z" finished-at="2022-06-21T07:58:21Z">
          <reporter-output>
          </reporter-output>
        </test-method> <!-- afterClass -->
        <test-method status="PASS" signature="f1()[pri:0, instance:com.test.ng.NewTest1@47fd17e3]" name="f1" duration-ms="0" started-at="2022-06-21T07:58:21Z" finished-at="2022-06-21T07:58:21Z">
          <reporter-output>
          </reporter-output>
        </test-method> <!-- f1 -->
        <test-method status="PASS" signature="afterMethod()[pri:0, instance:com.test.ng.NewTest1@47fd17e3]" name="afterMethod" is-config="true" duration-ms="0" started-at="2022-06-21T07:58:21Z" finished-at="2022-06-21T07:58:21Z">
          <reporter-output>
          </reporter-output>
        </test-method> <!-- afterMethod -->
        <test-method status="PASS" signature="afterSuite()[pri:0, instance:com.test.ng.NewTest1@47fd17e3]" name="afterSuite" is-config="true" duration-ms="0" started-at="2022-06-21T07:58:21Z" finished-at="2022-06-21T07:58:21Z">
          <reporter-output>
          </reporter-output>
        </test-method> <!-- afterSuite -->
      </class> <!-- com.test.ng.NewTest1 -->
    </test> <!-- Default test -->
  </suite> <!-- Default suite -->
</testng-results>
